[0.129s] Invoking command in '/home/joe/cam_test/build/extra_tool': /usr/bin/cmake /home/joe/rm_ros/rm_ros/src/extra_tool -DCMAKE_BUILD_TYPE=RelWithDebInfo -DCATKIN_INSTALL_INTO_PREFIX_ROOT=0 -DCATKIN_SYMLINK_INSTALL=ON -DCMAKE_INSTALL_PREFIX=/home/joe/cam_test/install/extra_tool
[0.193s] -- The C compiler identification is GNU 9.3.0
[0.203s] -- The CXX compiler identification is GNU 9.3.0
[0.203s] -- Check for working C compiler: /usr/bin/cc
[0.293s] -- Check for working C compiler: /usr/bin/cc -- works
[0.293s] -- Detecting C compiler ABI info
[0.388s] -- Detecting C compiler ABI info - done
[0.404s] -- Detecting C compile features
[0.405s] -- Detecting C compile features - done
[0.410s] -- Check for working CXX compiler: /usr/bin/c++
[0.522s] -- Check for working CXX compiler: /usr/bin/c++ -- works
[0.523s] -- Detecting CXX compiler ABI info
[0.691s] -- Detecting CXX compiler ABI info - done
[0.709s] -- Detecting CXX compile features
[0.712s] -- Detecting CXX compile features - done
[0.723s] CMake Error at CMakeLists.txt:4 (find_package):
[0.723s]   By not providing "Findcatkin.cmake" in CMAKE_MODULE_PATH this project has
[0.723s]   asked CMake to find a package configuration file provided by "catkin", but
[0.723s]   CMake did not find one.
[0.723s] 
[0.723s]   Could not find a package configuration file provided by "catkin" with any
[0.723s]   of the following names:
[0.724s] 
[0.724s]     catkinConfig.cmake
[0.724s]     catkin-config.cmake
[0.724s] 
[0.724s]   Add the installation prefix of "catkin" to CMAKE_PREFIX_PATH or set
[0.724s]   "catkin_DIR" to a directory containing one of the above files.  If "catkin"
[0.724s]   provides a separate development package or SDK, be sure it has been
[0.724s]   installed.
[0.724s] 
[0.724s] 
[0.724s] -- Configuring incomplete, errors occurred!
[0.724s] See also "/home/joe/cam_test/build/extra_tool/CMakeFiles/CMakeOutput.log".
[0.735s] Invoked command in '/home/joe/cam_test/build/extra_tool' returned '1': /usr/bin/cmake /home/joe/rm_ros/rm_ros/src/extra_tool -DCMAKE_BUILD_TYPE=RelWithDebInfo -DCATKIN_INSTALL_INTO_PREFIX_ROOT=0 -DCATKIN_SYMLINK_INSTALL=ON -DCMAKE_INSTALL_PREFIX=/home/joe/cam_test/install/extra_tool
