[0.302s] DEBUG:colcon:Command line arguments: ['/usr/bin/colcon', 'build']
[0.303s] DEBUG:colcon:Parsed command line arguments: Namespace(ament_cmake_args=None, base_paths=['.'], build_base='build', catkin_cmake_args=None, catkin_skip_building_tests=False, cmake_args=None, cmake_clean_cache=False, cmake_clean_first=False, cmake_force_configure=False, cmake_target=None, cmake_target_skip_unavailable=False, continue_on_error=False, event_handlers=None, executor='parallel', ignore_user_meta=False, install_base='install', log_base=None, log_level=None, main=<bound method BuildVerb.main of <colcon_core.verb.build.BuildVerb object at 0x7f9d79211250>>, merge_install=False, metas=['./colcon.meta'], packages_above=None, packages_above_and_dependencies=None, packages_above_depth=None, packages_end=None, packages_ignore=None, packages_ignore_regex=None, packages_select=None, packages_select_build_failed=False, packages_select_by_dep=None, packages_select_regex=None, packages_select_test_failures=False, packages_skip=None, packages_skip_build_finished=False, packages_skip_by_dep=None, packages_skip_regex=None, packages_skip_test_passed=False, packages_skip_up_to=None, packages_start=None, packages_up_to=None, packages_up_to_regex=None, parallel_workers=12, paths=None, symlink_install=False, test_result_base=None, verb_extension=<colcon_core.verb.build.BuildVerb object at 0x7f9d79211250>, verb_name='build', verb_parser=<colcon_defaults.argument_parser.defaults.DefaultArgumentsDecorator object at 0x7f9d79211790>)
[0.308s] Level 1:colcon.colcon_core.package_discovery:discover_packages(colcon_meta) check parameters
[0.308s] Level 1:colcon.colcon_core.package_discovery:discover_packages(recursive) check parameters
[0.308s] Level 1:colcon.colcon_core.package_discovery:discover_packages(ignore) check parameters
[0.308s] Level 1:colcon.colcon_core.package_discovery:discover_packages(path) check parameters
[0.308s] Level 1:colcon.colcon_core.package_discovery:discover_packages(colcon_meta) discover
[0.308s] Level 1:colcon.colcon_core.package_discovery:discover_packages(recursive) discover
[0.308s] INFO:colcon.colcon_core.package_discovery:Crawling recursively for packages in '/home/joe/cam_test'
[0.308s] Level 1:colcon.colcon_core.package_identification:_identify(.) by extensions ['ignore', 'ignore_ament_install']
[0.308s] Level 1:colcon.colcon_core.package_identification:_identify(.) by extension 'ignore'
[0.308s] Level 1:colcon.colcon_core.package_identification:_identify(.) by extension 'ignore_ament_install'
[0.308s] Level 1:colcon.colcon_core.package_identification:_identify(.) by extensions ['colcon_pkg']
[0.308s] Level 1:colcon.colcon_core.package_identification:_identify(.) by extension 'colcon_pkg'
[0.309s] Level 1:colcon.colcon_core.package_identification:_identify(.) by extensions ['colcon_meta']
[0.309s] Level 1:colcon.colcon_core.package_identification:_identify(.) by extension 'colcon_meta'
[0.309s] Level 1:colcon.colcon_core.package_identification:_identify(.) by extensions ['ros']
[0.309s] Level 1:colcon.colcon_core.package_identification:_identify(.) by extension 'ros'
[0.322s] DEBUG:colcon.colcon_core.package_identification:Package '.' with type 'ros.ament_cmake' and name 'cam_test'
[0.322s] Level 1:colcon.colcon_core.package_discovery:discover_packages(recursive) using defaults
[0.322s] Level 1:colcon.colcon_core.package_discovery:discover_packages(ignore) discover
[0.322s] Level 1:colcon.colcon_core.package_discovery:discover_packages(ignore) using defaults
[0.322s] Level 1:colcon.colcon_core.package_discovery:discover_packages(path) discover
[0.322s] Level 1:colcon.colcon_core.package_discovery:discover_packages(path) using defaults
[0.337s] Level 5:colcon.colcon_core.verb:set package 'cam_test' build argument 'cmake_args' from command line to 'None'
[0.337s] Level 5:colcon.colcon_core.verb:set package 'cam_test' build argument 'cmake_target' from command line to 'None'
[0.337s] Level 5:colcon.colcon_core.verb:set package 'cam_test' build argument 'cmake_target_skip_unavailable' from command line to 'False'
[0.337s] Level 5:colcon.colcon_core.verb:set package 'cam_test' build argument 'cmake_clean_cache' from command line to 'False'
[0.337s] Level 5:colcon.colcon_core.verb:set package 'cam_test' build argument 'cmake_clean_first' from command line to 'False'
[0.337s] Level 5:colcon.colcon_core.verb:set package 'cam_test' build argument 'cmake_force_configure' from command line to 'False'
[0.337s] Level 5:colcon.colcon_core.verb:set package 'cam_test' build argument 'ament_cmake_args' from command line to 'None'
[0.337s] Level 5:colcon.colcon_core.verb:set package 'cam_test' build argument 'catkin_cmake_args' from command line to 'None'
[0.337s] Level 5:colcon.colcon_core.verb:set package 'cam_test' build argument 'catkin_skip_building_tests' from command line to 'False'
[0.337s] DEBUG:colcon.colcon_core.verb:Building package 'cam_test' with the following arguments: {'ament_cmake_args': None, 'build_base': '/home/joe/cam_test/build/cam_test', 'catkin_cmake_args': None, 'catkin_skip_building_tests': False, 'cmake_args': None, 'cmake_clean_cache': False, 'cmake_clean_first': False, 'cmake_force_configure': False, 'cmake_target': None, 'cmake_target_skip_unavailable': False, 'install_base': '/home/joe/cam_test/install/cam_test', 'merge_install': False, 'path': '/home/joe/cam_test', 'symlink_install': False, 'test_result_base': None}
[0.338s] INFO:colcon.colcon_core.executor:Executing jobs using 'parallel' executor
[0.340s] DEBUG:colcon.colcon_parallel_executor.executor.parallel:run_until_complete
[0.340s] INFO:colcon.colcon_ros.task.ament_cmake.build:Building ROS package in '/home/joe/cam_test' with build type 'ament_cmake'
[0.340s] INFO:colcon.colcon_cmake.task.cmake.build:Building CMake package in '/home/joe/cam_test'
[0.347s] INFO:colcon.colcon_core.plugin_system:Skipping extension 'colcon_core.shell.bat': Not used on non-Windows systems
[0.347s] INFO:colcon.colcon_core.shell:Skip shell extension 'powershell' for command environment: Not usable outside of PowerShell
[0.347s] DEBUG:colcon.colcon_core.shell:Skip shell extension 'dsv' for command environment
[0.350s] DEBUG:colcon.colcon_core.shell:Ignoring prefix path '/opt/ros/foxy'
[0.366s] DEBUG:colcon.colcon_core.event_handler.log_command:Invoking command in '/home/joe/cam_test/build/cam_test': CMAKE_PREFIX_PATH=/opt/ros/foxy /usr/bin/cmake --build /home/joe/cam_test/build/cam_test -- -j12 -l12
[4.502s] DEBUG:colcon.colcon_core.event_handler.log_command:Invoked command in '/home/joe/cam_test/build/cam_test' returned '0': CMAKE_PREFIX_PATH=/opt/ros/foxy /usr/bin/cmake --build /home/joe/cam_test/build/cam_test -- -j12 -l12
[4.547s] DEBUG:colcon.colcon_core.event_handler.log_command:Invoking command in '/home/joe/cam_test/build/cam_test': CMAKE_PREFIX_PATH=/opt/ros/foxy /usr/bin/cmake --install /home/joe/cam_test/build/cam_test
[4.576s] Level 1:colcon.colcon_core.environment:create_environment_scripts_only(cam_test)
[4.577s] DEBUG:colcon.colcon_core.event_handler.log_command:Invoked command in '/home/joe/cam_test/build/cam_test' returned '0': CMAKE_PREFIX_PATH=/opt/ros/foxy /usr/bin/cmake --install /home/joe/cam_test/build/cam_test
[4.582s] Level 1:colcon.colcon_core.environment:checking '/home/joe/cam_test/install/cam_test' for CMake module files
[4.583s] Level 1:colcon.colcon_core.environment:checking '/home/joe/cam_test/install/cam_test' for CMake config files
[4.583s] Level 1:colcon.colcon_core.shell:create_environment_hook('cam_test', 'cmake_prefix_path')
[4.584s] INFO:colcon.colcon_core.shell:Creating environment hook '/home/joe/cam_test/install/cam_test/share/cam_test/hook/cmake_prefix_path.ps1'
[4.584s] INFO:colcon.colcon_core.shell:Creating environment descriptor '/home/joe/cam_test/install/cam_test/share/cam_test/hook/cmake_prefix_path.dsv'
[4.585s] INFO:colcon.colcon_core.shell:Creating environment hook '/home/joe/cam_test/install/cam_test/share/cam_test/hook/cmake_prefix_path.sh'
[4.586s] Level 1:colcon.colcon_core.environment:checking '/home/joe/cam_test/install/cam_test/lib'
[4.586s] Level 1:colcon.colcon_core.shell:create_environment_hook('cam_test', 'ld_library_path_lib')
[4.587s] INFO:colcon.colcon_core.shell:Creating environment hook '/home/joe/cam_test/install/cam_test/share/cam_test/hook/ld_library_path_lib.ps1'
[4.587s] INFO:colcon.colcon_core.shell:Creating environment descriptor '/home/joe/cam_test/install/cam_test/share/cam_test/hook/ld_library_path_lib.dsv'
[4.588s] INFO:colcon.colcon_core.shell:Creating environment hook '/home/joe/cam_test/install/cam_test/share/cam_test/hook/ld_library_path_lib.sh'
[4.588s] Level 1:colcon.colcon_core.environment:checking '/home/joe/cam_test/install/cam_test/bin'
[4.588s] Level 1:colcon.colcon_core.environment:checking '/home/joe/cam_test/install/cam_test/lib/pkgconfig/cam_test.pc'
[4.588s] Level 1:colcon.colcon_core.environment:checking '/home/joe/cam_test/install/cam_test/lib/python3.8/site-packages'
[4.589s] INFO:colcon.colcon_core.shell:Creating package script '/home/joe/cam_test/install/cam_test/share/cam_test/package.ps1'
[4.591s] INFO:colcon.colcon_core.shell:Creating package descriptor '/home/joe/cam_test/install/cam_test/share/cam_test/package.dsv'
[4.591s] INFO:colcon.colcon_core.shell:Creating package script '/home/joe/cam_test/install/cam_test/share/cam_test/package.sh'
[4.592s] INFO:colcon.colcon_core.shell:Creating package script '/home/joe/cam_test/install/cam_test/share/cam_test/package.bash'
[4.593s] INFO:colcon.colcon_core.shell:Creating package script '/home/joe/cam_test/install/cam_test/share/cam_test/package.zsh'
[4.593s] Level 1:colcon.colcon_core.environment:create_file_with_runtime_dependencies(/home/joe/cam_test/install/cam_test/share/colcon-core/packages/cam_test)
[4.627s] Level 1:colcon.colcon_core.environment:create_environment_scripts_only(cam_test)
[4.628s] Level 1:colcon.colcon_core.environment:checking '/home/joe/cam_test/install/cam_test' for CMake module files
[4.629s] Level 1:colcon.colcon_core.environment:checking '/home/joe/cam_test/install/cam_test' for CMake config files
[4.629s] Level 1:colcon.colcon_core.shell:create_environment_hook('cam_test', 'cmake_prefix_path')
[4.630s] INFO:colcon.colcon_core.shell:Creating environment hook '/home/joe/cam_test/install/cam_test/share/cam_test/hook/cmake_prefix_path.ps1'
[4.630s] INFO:colcon.colcon_core.shell:Creating environment descriptor '/home/joe/cam_test/install/cam_test/share/cam_test/hook/cmake_prefix_path.dsv'
[4.631s] INFO:colcon.colcon_core.shell:Creating environment hook '/home/joe/cam_test/install/cam_test/share/cam_test/hook/cmake_prefix_path.sh'
[4.631s] Level 1:colcon.colcon_core.environment:checking '/home/joe/cam_test/install/cam_test/lib'
[4.632s] Level 1:colcon.colcon_core.shell:create_environment_hook('cam_test', 'ld_library_path_lib')
[4.632s] INFO:colcon.colcon_core.shell:Creating environment hook '/home/joe/cam_test/install/cam_test/share/cam_test/hook/ld_library_path_lib.ps1'
[4.633s] INFO:colcon.colcon_core.shell:Creating environment descriptor '/home/joe/cam_test/install/cam_test/share/cam_test/hook/ld_library_path_lib.dsv'
[4.633s] INFO:colcon.colcon_core.shell:Creating environment hook '/home/joe/cam_test/install/cam_test/share/cam_test/hook/ld_library_path_lib.sh'
[4.633s] Level 1:colcon.colcon_core.environment:checking '/home/joe/cam_test/install/cam_test/bin'
[4.633s] Level 1:colcon.colcon_core.environment:checking '/home/joe/cam_test/install/cam_test/lib/pkgconfig/cam_test.pc'
[4.633s] Level 1:colcon.colcon_core.environment:checking '/home/joe/cam_test/install/cam_test/lib/python3.8/site-packages'
[4.634s] INFO:colcon.colcon_core.shell:Creating package script '/home/joe/cam_test/install/cam_test/share/cam_test/package.ps1'
[4.635s] INFO:colcon.colcon_core.shell:Creating package descriptor '/home/joe/cam_test/install/cam_test/share/cam_test/package.dsv'
[4.635s] INFO:colcon.colcon_core.shell:Creating package script '/home/joe/cam_test/install/cam_test/share/cam_test/package.sh'
[4.636s] INFO:colcon.colcon_core.shell:Creating package script '/home/joe/cam_test/install/cam_test/share/cam_test/package.bash'
[4.636s] INFO:colcon.colcon_core.shell:Creating package script '/home/joe/cam_test/install/cam_test/share/cam_test/package.zsh'
[4.637s] Level 1:colcon.colcon_core.environment:create_file_with_runtime_dependencies(/home/joe/cam_test/install/cam_test/share/colcon-core/packages/cam_test)
[4.637s] DEBUG:colcon.colcon_parallel_executor.executor.parallel:closing loop
[4.638s] DEBUG:colcon.colcon_parallel_executor.executor.parallel:loop closed
[4.639s] DEBUG:colcon.colcon_parallel_executor.executor.parallel:run_until_complete finished with '0'
[4.639s] DEBUG:colcon.colcon_core.event_reactor:joining thread
[4.698s] INFO:colcon.colcon_core.plugin_system:Skipping extension 'colcon_notification.desktop_notification.notify_send': Could not find 'notify-send'
[4.699s] INFO:colcon.colcon_core.plugin_system:Skipping extension 'colcon_notification.desktop_notification.terminal_notifier': Not used on non-Darwin systems
[4.699s] INFO:colcon.colcon_core.plugin_system:Skipping extension 'colcon_notification.desktop_notification.win32': Not used on non-Windows systems
[4.699s] INFO:colcon.colcon_notification.desktop_notification:Sending desktop notification using 'notify2'
[4.699s] DEBUG:colcon.colcon_notification.desktop_notification.notify2:Failed to initialize notify2: org.freedesktop.DBus.Error.NotSupported: Unable to autolaunch a dbus-daemon without a $DISPLAY for X11
[4.699s] DEBUG:colcon.colcon_core.event_reactor:joined thread
[4.701s] INFO:colcon.colcon_core.shell:Creating prefix script '/home/joe/cam_test/install/local_setup.ps1'
[4.702s] INFO:colcon.colcon_core.shell:Creating prefix util module '/home/joe/cam_test/install/_local_setup_util_ps1.py'
[4.703s] INFO:colcon.colcon_core.shell:Creating prefix chain script '/home/joe/cam_test/install/setup.ps1'
[4.706s] INFO:colcon.colcon_core.shell:Creating prefix script '/home/joe/cam_test/install/local_setup.sh'
[4.707s] INFO:colcon.colcon_core.shell:Creating prefix util module '/home/joe/cam_test/install/_local_setup_util_sh.py'
[4.707s] INFO:colcon.colcon_core.shell:Creating prefix chain script '/home/joe/cam_test/install/setup.sh'
[4.710s] INFO:colcon.colcon_core.shell:Creating prefix script '/home/joe/cam_test/install/local_setup.bash'
[4.711s] INFO:colcon.colcon_core.shell:Creating prefix chain script '/home/joe/cam_test/install/setup.bash'
[4.713s] INFO:colcon.colcon_core.shell:Creating prefix script '/home/joe/cam_test/install/local_setup.zsh'
[4.714s] INFO:colcon.colcon_core.shell:Creating prefix chain script '/home/joe/cam_test/install/setup.zsh'
