[0.053s] Invoking command in '/home/joe/cam_test/build/armor_transformer': CMAKE_PREFIX_PATH=${CMAKE_PREFIX_PATH}:/opt/ros/foxy /usr/bin/cmake /home/joe/armor_transformer -DCMAKE_BUILD_TYPE=RelWithDebInfo -DAMENT_CMAKE_SYMLINK_INSTALL=1 -DCMAKE_INSTALL_PREFIX=/home/joe/cam_test/install/armor_transformer
[0.197s] -- The C compiler identification is GNU 9.3.0
[0.214s] -- The CXX compiler identification is GNU 9.3.0
[0.214s] -- Check for working C compiler: /usr/bin/cc
[0.304s] -- Check for working C compiler: /usr/bin/cc -- works
[0.305s] -- Detecting C compiler ABI info
[0.413s] -- Detecting C compiler ABI info - done
[0.429s] -- Detecting C compile features
[0.429s] -- Detecting C compile features - done
[0.430s] -- Check for working CXX compiler: /usr/bin/c++
[0.531s] -- Check for working CXX compiler: /usr/bin/c++ -- works
[0.531s] -- Detecting CXX compiler ABI info
[0.732s] -- Detecting CXX compiler ABI info - done
[0.747s] -- Detecting CXX compile features
[0.747s] -- Detecting CXX compile features - done
[0.747s] -- Found ament_cmake: 0.9.9 (/opt/ros/foxy/share/ament_cmake/cmake)
[0.770s] -- Found PythonInterp: /usr/bin/python3 (found suitable version "3.8.10", minimum required is "3") 
[0.770s] -- Using PYTHON_EXECUTABLE: /usr/bin/python3
[0.952s] -- Override CMake install command with custom implementation using symlinks instead of copying resources
[0.970s] -- Found rclcpp: 2.4.0 (/opt/ros/foxy/share/rclcpp/cmake)
[1.014s] -- Using all available rosidl_typesupport_c: rosidl_typesupport_fastrtps_c;rosidl_typesupport_introspection_c
[1.020s] -- Found rosidl_adapter: 1.2.1 (/opt/ros/foxy/share/rosidl_adapter/cmake)
[1.088s] -- Found OpenSSL: /usr/lib/x86_64-linux-gnu/libcrypto.so (found version "1.1.1f")  
[1.116s] -- Found FastRTPS: /opt/ros/foxy/include  
[1.192s] -- Using all available rosidl_typesupport_cpp: rosidl_typesupport_fastrtps_cpp;rosidl_typesupport_introspection_cpp
[1.249s] -- Found rmw_implementation_cmake: 1.0.3 (/opt/ros/foxy/share/rmw_implementation_cmake/cmake)
[1.251s] -- Using RMW implementation 'rmw_fastrtps_cpp' as default
[1.252s] -- Looking for pthread.h
[1.318s] -- Looking for pthread.h - found
[1.318s] -- Performing Test CMAKE_HAVE_LIBC_PTHREAD
[1.385s] -- Performing Test CMAKE_HAVE_LIBC_PTHREAD - Failed
[1.385s] -- Looking for pthread_create in pthreads
[1.435s] -- Looking for pthread_create in pthreads - not found
[1.435s] -- Looking for pthread_create in pthread
[1.505s] -- Looking for pthread_create in pthread - found
[1.506s] -- Found Threads: TRUE  
[1.653s] -- Found rclcpp_components: 2.4.0 (/opt/ros/foxy/share/rclcpp_components/cmake)
[1.717s] -- Found message_filters: 3.2.5 (/opt/ros/foxy/share/message_filters/cmake)
[1.720s] -- Found cv_bridge: 2.2.1 (/opt/ros/foxy/share/cv_bridge/cmake)
[1.747s] CMake Error at CMakeLists.txt:24 (find_package):
[1.747s]   By not providing "Findarmor_msgs.cmake" in CMAKE_MODULE_PATH this project
[1.747s]   has asked CMake to find a package configuration file provided by
[1.747s]   "armor_msgs", but CMake did not find one.
[1.748s] 
[1.748s]   Could not find a package configuration file provided by "armor_msgs" with
[1.748s]   any of the following names:
[1.748s] 
[1.748s]     armor_msgsConfig.cmake
[1.748s]     armor_msgs-config.cmake
[1.748s] 
[1.748s]   Add the installation prefix of "armor_msgs" to CMAKE_PREFIX_PATH or set
[1.748s]   "armor_msgs_DIR" to a directory containing one of the above files.  If
[1.748s]   "armor_msgs" provides a separate development package or SDK, be sure it has
[1.748s]   been installed.
[1.748s] 
[1.748s] 
[1.749s] -- Configuring incomplete, errors occurred!
[1.749s] See also "/home/joe/cam_test/build/armor_transformer/CMakeFiles/CMakeOutput.log".
[1.749s] See also "/home/joe/cam_test/build/armor_transformer/CMakeFiles/CMakeError.log".
