[0.344s] DEBUG:colcon:Command line arguments: ['/usr/bin/colcon', 'build']
[0.344s] DEBUG:colcon:Parsed command line arguments: Namespace(ament_cmake_args=None, base_paths=['.'], build_base='build', catkin_cmake_args=None, catkin_skip_building_tests=False, cmake_args=None, cmake_clean_cache=False, cmake_clean_first=False, cmake_force_configure=False, cmake_target=None, cmake_target_skip_unavailable=False, continue_on_error=False, event_handlers=None, executor='parallel', ignore_user_meta=False, install_base='install', log_base=None, log_level=None, main=<bound method BuildVerb.main of <colcon_core.verb.build.BuildVerb object at 0x7f1ef1de18e0>>, merge_install=False, metas=['./colcon.meta'], packages_above=None, packages_above_and_dependencies=None, packages_above_depth=None, packages_end=None, packages_ignore=None, packages_ignore_regex=None, packages_select=None, packages_select_build_failed=False, packages_select_by_dep=None, packages_select_regex=None, packages_select_test_failures=False, packages_skip=None, packages_skip_build_finished=False, packages_skip_by_dep=None, packages_skip_regex=None, packages_skip_test_passed=False, packages_skip_up_to=None, packages_start=None, packages_up_to=None, packages_up_to_regex=None, parallel_workers=12, paths=None, symlink_install=False, test_result_base=None, verb_extension=<colcon_core.verb.build.BuildVerb object at 0x7f1ef1de18e0>, verb_name='build', verb_parser=<colcon_defaults.argument_parser.defaults.DefaultArgumentsDecorator object at 0x7f1ef1de1e50>)
[0.351s] Level 1:colcon.colcon_core.package_discovery:discover_packages(colcon_meta) check parameters
[0.351s] Level 1:colcon.colcon_core.package_discovery:discover_packages(recursive) check parameters
[0.351s] Level 1:colcon.colcon_core.package_discovery:discover_packages(ignore) check parameters
[0.351s] Level 1:colcon.colcon_core.package_discovery:discover_packages(path) check parameters
[0.351s] Level 1:colcon.colcon_core.package_discovery:discover_packages(colcon_meta) discover
[0.351s] Level 1:colcon.colcon_core.package_discovery:discover_packages(recursive) discover
[0.351s] INFO:colcon.colcon_core.package_discovery:Crawling recursively for packages in '/home/joe/cam_test'
[0.351s] Level 1:colcon.colcon_core.package_identification:_identify(.) by extensions ['ignore', 'ignore_ament_install']
[0.351s] Level 1:colcon.colcon_core.package_identification:_identify(.) by extension 'ignore'
[0.351s] Level 1:colcon.colcon_core.package_identification:_identify(.) by extension 'ignore_ament_install'
[0.351s] Level 1:colcon.colcon_core.package_identification:_identify(.) by extensions ['colcon_pkg']
[0.351s] Level 1:colcon.colcon_core.package_identification:_identify(.) by extension 'colcon_pkg'
[0.351s] Level 1:colcon.colcon_core.package_identification:_identify(.) by extensions ['colcon_meta']
[0.351s] Level 1:colcon.colcon_core.package_identification:_identify(.) by extension 'colcon_meta'
[0.351s] Level 1:colcon.colcon_core.package_identification:_identify(.) by extensions ['ros']
[0.351s] Level 1:colcon.colcon_core.package_identification:_identify(.) by extension 'ros'
[0.363s] DEBUG:colcon.colcon_core.package_identification:Package '.' with type 'ros.ament_cmake' and name 'cam_test'
[0.363s] Level 1:colcon.colcon_core.package_discovery:discover_packages(recursive) using defaults
[0.363s] Level 1:colcon.colcon_core.package_discovery:discover_packages(ignore) discover
[0.363s] Level 1:colcon.colcon_core.package_discovery:discover_packages(ignore) using defaults
[0.363s] Level 1:colcon.colcon_core.package_discovery:discover_packages(path) discover
[0.363s] Level 1:colcon.colcon_core.package_discovery:discover_packages(path) using defaults
[0.383s] Level 5:colcon.colcon_core.verb:set package 'cam_test' build argument 'cmake_args' from command line to 'None'
[0.383s] Level 5:colcon.colcon_core.verb:set package 'cam_test' build argument 'cmake_target' from command line to 'None'
[0.383s] Level 5:colcon.colcon_core.verb:set package 'cam_test' build argument 'cmake_target_skip_unavailable' from command line to 'False'
[0.383s] Level 5:colcon.colcon_core.verb:set package 'cam_test' build argument 'cmake_clean_cache' from command line to 'False'
[0.383s] Level 5:colcon.colcon_core.verb:set package 'cam_test' build argument 'cmake_clean_first' from command line to 'False'
[0.383s] Level 5:colcon.colcon_core.verb:set package 'cam_test' build argument 'cmake_force_configure' from command line to 'False'
[0.383s] Level 5:colcon.colcon_core.verb:set package 'cam_test' build argument 'ament_cmake_args' from command line to 'None'
[0.383s] Level 5:colcon.colcon_core.verb:set package 'cam_test' build argument 'catkin_cmake_args' from command line to 'None'
[0.383s] Level 5:colcon.colcon_core.verb:set package 'cam_test' build argument 'catkin_skip_building_tests' from command line to 'False'
[0.383s] DEBUG:colcon.colcon_core.verb:Building package 'cam_test' with the following arguments: {'ament_cmake_args': None, 'build_base': '/home/joe/cam_test/build/cam_test', 'catkin_cmake_args': None, 'catkin_skip_building_tests': False, 'cmake_args': None, 'cmake_clean_cache': False, 'cmake_clean_first': False, 'cmake_force_configure': False, 'cmake_target': None, 'cmake_target_skip_unavailable': False, 'install_base': '/home/joe/cam_test/install/cam_test', 'merge_install': False, 'path': '/home/joe/cam_test', 'symlink_install': False, 'test_result_base': None}
[0.384s] INFO:colcon.colcon_core.executor:Executing jobs using 'parallel' executor
[0.385s] DEBUG:colcon.colcon_parallel_executor.executor.parallel:run_until_complete
[0.385s] INFO:colcon.colcon_ros.task.ament_cmake.build:Building ROS package in '/home/joe/cam_test' with build type 'ament_cmake'
[0.385s] INFO:colcon.colcon_cmake.task.cmake.build:Building CMake package in '/home/joe/cam_test'
[0.391s] INFO:colcon.colcon_core.plugin_system:Skipping extension 'colcon_core.shell.bat': Not used on non-Windows systems
[0.391s] INFO:colcon.colcon_core.shell:Skip shell extension 'powershell' for command environment: Not usable outside of PowerShell
[0.391s] DEBUG:colcon.colcon_core.shell:Skip shell extension 'dsv' for command environment
[0.399s] DEBUG:colcon.colcon_core.event_handler.log_command:Invoking command in '/home/joe/cam_test/build/cam_test': /usr/bin/cmake --build /home/joe/cam_test/build/cam_test -- -j12 -l12
[0.545s] DEBUG:colcon.colcon_core.event_handler.log_command:Invoked command in '/home/joe/cam_test/build/cam_test' returned '0': /usr/bin/cmake --build /home/joe/cam_test/build/cam_test -- -j12 -l12
[0.565s] DEBUG:colcon.colcon_core.event_handler.log_command:Invoking command in '/home/joe/cam_test/build/cam_test': /usr/bin/cmake --install /home/joe/cam_test/build/cam_test
[0.582s] Level 1:colcon.colcon_core.environment:create_environment_scripts_only(cam_test)
[0.583s] DEBUG:colcon.colcon_core.event_handler.log_command:Invoked command in '/home/joe/cam_test/build/cam_test' returned '0': /usr/bin/cmake --install /home/joe/cam_test/build/cam_test
[0.589s] Level 1:colcon.colcon_core.environment:checking '/home/joe/cam_test/install/cam_test' for CMake module files
[0.590s] Level 1:colcon.colcon_core.environment:checking '/home/joe/cam_test/install/cam_test' for CMake config files
[0.590s] Level 1:colcon.colcon_core.shell:create_environment_hook('cam_test', 'cmake_prefix_path')
[0.590s] INFO:colcon.colcon_core.shell:Creating environment hook '/home/joe/cam_test/install/cam_test/share/cam_test/hook/cmake_prefix_path.ps1'
[0.591s] INFO:colcon.colcon_core.shell:Creating environment descriptor '/home/joe/cam_test/install/cam_test/share/cam_test/hook/cmake_prefix_path.dsv'
[0.592s] INFO:colcon.colcon_core.shell:Creating environment hook '/home/joe/cam_test/install/cam_test/share/cam_test/hook/cmake_prefix_path.sh'
[0.593s] Level 1:colcon.colcon_core.environment:checking '/home/joe/cam_test/install/cam_test/lib'
[0.593s] Level 1:colcon.colcon_core.shell:create_environment_hook('cam_test', 'ld_library_path_lib')
[0.593s] INFO:colcon.colcon_core.shell:Creating environment hook '/home/joe/cam_test/install/cam_test/share/cam_test/hook/ld_library_path_lib.ps1'
[0.594s] INFO:colcon.colcon_core.shell:Creating environment descriptor '/home/joe/cam_test/install/cam_test/share/cam_test/hook/ld_library_path_lib.dsv'
[0.594s] INFO:colcon.colcon_core.shell:Creating environment hook '/home/joe/cam_test/install/cam_test/share/cam_test/hook/ld_library_path_lib.sh'
[0.594s] Level 1:colcon.colcon_core.environment:checking '/home/joe/cam_test/install/cam_test/bin'
[0.594s] Level 1:colcon.colcon_core.environment:checking '/home/joe/cam_test/install/cam_test/lib/pkgconfig/cam_test.pc'
[0.594s] Level 1:colcon.colcon_core.environment:checking '/home/joe/cam_test/install/cam_test/lib/python3.8/site-packages'
[0.595s] INFO:colcon.colcon_core.shell:Creating package script '/home/joe/cam_test/install/cam_test/share/cam_test/package.ps1'
[0.595s] INFO:colcon.colcon_core.shell:Creating package descriptor '/home/joe/cam_test/install/cam_test/share/cam_test/package.dsv'
[0.596s] INFO:colcon.colcon_core.shell:Creating package script '/home/joe/cam_test/install/cam_test/share/cam_test/package.sh'
[0.596s] INFO:colcon.colcon_core.shell:Creating package script '/home/joe/cam_test/install/cam_test/share/cam_test/package.bash'
[0.597s] INFO:colcon.colcon_core.shell:Creating package script '/home/joe/cam_test/install/cam_test/share/cam_test/package.zsh'
[0.598s] Level 1:colcon.colcon_core.environment:create_file_with_runtime_dependencies(/home/joe/cam_test/install/cam_test/share/colcon-core/packages/cam_test)
[0.615s] Level 1:colcon.colcon_core.environment:create_environment_scripts_only(cam_test)
[0.615s] Level 1:colcon.colcon_core.environment:checking '/home/joe/cam_test/install/cam_test' for CMake module files
[0.616s] Level 1:colcon.colcon_core.environment:checking '/home/joe/cam_test/install/cam_test' for CMake config files
[0.616s] Level 1:colcon.colcon_core.shell:create_environment_hook('cam_test', 'cmake_prefix_path')
[0.616s] INFO:colcon.colcon_core.shell:Creating environment hook '/home/joe/cam_test/install/cam_test/share/cam_test/hook/cmake_prefix_path.ps1'
[0.617s] INFO:colcon.colcon_core.shell:Creating environment descriptor '/home/joe/cam_test/install/cam_test/share/cam_test/hook/cmake_prefix_path.dsv'
[0.617s] INFO:colcon.colcon_core.shell:Creating environment hook '/home/joe/cam_test/install/cam_test/share/cam_test/hook/cmake_prefix_path.sh'
[0.617s] Level 1:colcon.colcon_core.environment:checking '/home/joe/cam_test/install/cam_test/lib'
[0.617s] Level 1:colcon.colcon_core.shell:create_environment_hook('cam_test', 'ld_library_path_lib')
[0.618s] INFO:colcon.colcon_core.shell:Creating environment hook '/home/joe/cam_test/install/cam_test/share/cam_test/hook/ld_library_path_lib.ps1'
[0.618s] INFO:colcon.colcon_core.shell:Creating environment descriptor '/home/joe/cam_test/install/cam_test/share/cam_test/hook/ld_library_path_lib.dsv'
[0.618s] INFO:colcon.colcon_core.shell:Creating environment hook '/home/joe/cam_test/install/cam_test/share/cam_test/hook/ld_library_path_lib.sh'
[0.618s] Level 1:colcon.colcon_core.environment:checking '/home/joe/cam_test/install/cam_test/bin'
[0.618s] Level 1:colcon.colcon_core.environment:checking '/home/joe/cam_test/install/cam_test/lib/pkgconfig/cam_test.pc'
[0.618s] Level 1:colcon.colcon_core.environment:checking '/home/joe/cam_test/install/cam_test/lib/python3.8/site-packages'
[0.619s] INFO:colcon.colcon_core.shell:Creating package script '/home/joe/cam_test/install/cam_test/share/cam_test/package.ps1'
[0.619s] INFO:colcon.colcon_core.shell:Creating package descriptor '/home/joe/cam_test/install/cam_test/share/cam_test/package.dsv'
[0.619s] INFO:colcon.colcon_core.shell:Creating package script '/home/joe/cam_test/install/cam_test/share/cam_test/package.sh'
[0.620s] INFO:colcon.colcon_core.shell:Creating package script '/home/joe/cam_test/install/cam_test/share/cam_test/package.bash'
[0.620s] INFO:colcon.colcon_core.shell:Creating package script '/home/joe/cam_test/install/cam_test/share/cam_test/package.zsh'
[0.620s] Level 1:colcon.colcon_core.environment:create_file_with_runtime_dependencies(/home/joe/cam_test/install/cam_test/share/colcon-core/packages/cam_test)
[0.621s] DEBUG:colcon.colcon_parallel_executor.executor.parallel:closing loop
[0.621s] DEBUG:colcon.colcon_parallel_executor.executor.parallel:loop closed
[0.621s] DEBUG:colcon.colcon_parallel_executor.executor.parallel:run_until_complete finished with '0'
[0.621s] DEBUG:colcon.colcon_core.event_reactor:joining thread
[0.639s] INFO:colcon.colcon_core.plugin_system:Skipping extension 'colcon_notification.desktop_notification.notify_send': Could not find 'notify-send'
[0.639s] INFO:colcon.colcon_core.plugin_system:Skipping extension 'colcon_notification.desktop_notification.terminal_notifier': Not used on non-Darwin systems
[0.639s] INFO:colcon.colcon_core.plugin_system:Skipping extension 'colcon_notification.desktop_notification.win32': Not used on non-Windows systems
[0.639s] INFO:colcon.colcon_notification.desktop_notification:Sending desktop notification using 'notify2'
[0.639s] DEBUG:colcon.colcon_notification.desktop_notification.notify2:Failed to initialize notify2: org.freedesktop.DBus.Error.NotSupported: Unable to autolaunch a dbus-daemon without a $DISPLAY for X11
[0.639s] DEBUG:colcon.colcon_core.event_reactor:joined thread
[0.640s] INFO:colcon.colcon_core.shell:Creating prefix script '/home/joe/cam_test/install/local_setup.ps1'
[0.640s] INFO:colcon.colcon_core.shell:Creating prefix util module '/home/joe/cam_test/install/_local_setup_util_ps1.py'
[0.641s] INFO:colcon.colcon_core.shell:Creating prefix chain script '/home/joe/cam_test/install/setup.ps1'
[0.643s] INFO:colcon.colcon_core.shell:Creating prefix script '/home/joe/cam_test/install/local_setup.sh'
[0.643s] INFO:colcon.colcon_core.shell:Creating prefix util module '/home/joe/cam_test/install/_local_setup_util_sh.py'
[0.644s] INFO:colcon.colcon_core.shell:Creating prefix chain script '/home/joe/cam_test/install/setup.sh'
[0.645s] INFO:colcon.colcon_core.shell:Creating prefix script '/home/joe/cam_test/install/local_setup.bash'
[0.645s] INFO:colcon.colcon_core.shell:Creating prefix chain script '/home/joe/cam_test/install/setup.bash'
[0.648s] INFO:colcon.colcon_core.shell:Creating prefix script '/home/joe/cam_test/install/local_setup.zsh'
[0.648s] INFO:colcon.colcon_core.shell:Creating prefix chain script '/home/joe/cam_test/install/setup.zsh'
