[0.125s] Invoking command in '/home/joe/cam_test/build/usb_camera_driver': CMAKE_PREFIX_PATH=${CMAKE_PREFIX_PATH}:/opt/ros/foxy /usr/bin/cmake /home/joe/ros2_usb_camera -DCMAKE_BUILD_TYPE=RelWithDebInfo -DAMENT_CMAKE_SYMLINK_INSTALL=1 -DCMAKE_INSTALL_PREFIX=/home/joe/cam_test/install/usb_camera_driver
[0.790s] -- The C compiler identification is GNU 9.3.0
[0.790s] -- The CXX compiler identification is GNU 9.3.0
[0.790s] -- Check for working C compiler: /usr/bin/cc
[0.790s] -- Check for working C compiler: /usr/bin/cc -- works
[0.790s] -- Detecting C compiler ABI info
[0.790s] -- Detecting C compiler ABI info - done
[0.790s] -- Detecting C compile features
[0.790s] -- Detecting C compile features - done
[0.790s] -- Check for working CXX compiler: /usr/bin/c++
[0.790s] -- Check for working CXX compiler: /usr/bin/c++ -- works
[0.790s] -- Detecting CXX compiler ABI info
[0.790s] -- Detecting CXX compiler ABI info - done
[0.790s] -- Detecting CXX compile features
[0.790s] -- Detecting CXX compile features - done
[0.791s] -- Found ament_cmake: 0.9.9 (/opt/ros/foxy/share/ament_cmake/cmake)
[0.791s] -- Found PythonInterp: /usr/bin/python3 (found suitable version "3.8.10", minimum required is "3") 
[0.791s] -- Using PYTHON_EXECUTABLE: /usr/bin/python3
[0.970s] -- Override CMake install command with custom implementation using symlinks instead of copying resources
[0.988s] -- Found rclcpp: 2.4.0 (/opt/ros/foxy/share/rclcpp/cmake)
[1.029s] -- Using all available rosidl_typesupport_c: rosidl_typesupport_fastrtps_c;rosidl_typesupport_introspection_c
[1.035s] -- Found rosidl_adapter: 1.2.1 (/opt/ros/foxy/share/rosidl_adapter/cmake)
[1.095s] -- Found OpenSSL: /usr/lib/x86_64-linux-gnu/libcrypto.so (found version "1.1.1f")  
[1.119s] -- Found FastRTPS: /opt/ros/foxy/include  
[1.187s] -- Using all available rosidl_typesupport_cpp: rosidl_typesupport_fastrtps_cpp;rosidl_typesupport_introspection_cpp
[1.250s] -- Found rmw_implementation_cmake: 1.0.3 (/opt/ros/foxy/share/rmw_implementation_cmake/cmake)
[1.251s] -- Using RMW implementation 'rmw_fastrtps_cpp' as default
[1.252s] -- Looking for pthread.h
[1.320s] -- Looking for pthread.h - found
[1.320s] -- Performing Test CMAKE_HAVE_LIBC_PTHREAD
[1.385s] -- Performing Test CMAKE_HAVE_LIBC_PTHREAD - Failed
[1.386s] -- Looking for pthread_create in pthreads
[1.460s] -- Looking for pthread_create in pthreads - not found
[1.460s] -- Looking for pthread_create in pthread
[1.513s] -- Looking for pthread_create in pthread - found
[1.514s] -- Found Threads: TRUE  
[1.646s] -- Found rclcpp_components: 2.4.0 (/opt/ros/foxy/share/rclcpp_components/cmake)
[1.701s] -- Found sensor_msgs: 2.0.4 (/opt/ros/foxy/share/sensor_msgs/cmake)
[1.792s] CMake Error at CMakeLists.txt:21 (find_package):
[1.792s]   By not providing "Findcamera_info_manager.cmake" in CMAKE_MODULE_PATH this
[1.792s]   project has asked CMake to find a package configuration file provided by
[1.792s]   "camera_info_manager", but CMake did not find one.
[1.792s] 
[1.792s]   Could not find a package configuration file provided by
[1.792s]   "camera_info_manager" with any of the following names:
[1.792s] 
[1.792s]     camera_info_managerConfig.cmake
[1.792s]     camera_info_manager-config.cmake
[1.792s] 
[1.792s]   Add the installation prefix of "camera_info_manager" to CMAKE_PREFIX_PATH
[1.792s]   or set "camera_info_manager_DIR" to a directory containing one of the above
[1.792s]   files.  If "camera_info_manager" provides a separate development package or
[1.792s]   SDK, be sure it has been installed.
[1.792s] 
[1.792s] 
[1.793s] -- Configuring incomplete, errors occurred!
[1.793s] See also "/home/joe/cam_test/build/usb_camera_driver/CMakeFiles/CMakeOutput.log".
[1.793s] See also "/home/joe/cam_test/build/usb_camera_driver/CMakeFiles/CMakeError.log".
