[0.056s] Invoking command in '/home/joe/cam_test/build/vision': /usr/bin/cmake /home/joe/rm_ros/rm_ros/src/vision -DCMAKE_BUILD_TYPE=RelWithDebInfo -DCATKIN_INSTALL_INTO_PREFIX_ROOT=0 -DCATKIN_SYMLINK_INSTALL=ON -DCMAKE_INSTALL_PREFIX=/home/joe/cam_test/install/vision
[0.205s] -- The C compiler identification is GNU 9.3.0
[0.223s] -- The CXX compiler identification is GNU 9.3.0
[0.223s] -- Check for working C compiler: /usr/bin/cc
[0.309s] -- Check for working C compiler: /usr/bin/cc -- works
[0.313s] -- Detecting C compiler ABI info
[0.393s] -- Detecting C compiler ABI info - done
[0.413s] -- Detecting C compile features
[0.413s] -- Detecting C compile features - done
[0.418s] -- Check for working CXX compiler: /usr/bin/c++
[0.533s] -- Check for working CXX compiler: /usr/bin/c++ -- works
[0.533s] -- Detecting CXX compiler ABI info
[0.724s] -- Detecting CXX compiler ABI info - done
[0.741s] -- Detecting CXX compile features
[0.741s] -- Detecting CXX compile features - done
[0.756s] CMake Error at CMakeLists.txt:16 (find_package):
[0.756s]   By not providing "Findcatkin.cmake" in CMAKE_MODULE_PATH this project has
[0.756s]   asked CMake to find a package configuration file provided by "catkin", but
[0.756s]   CMake did not find one.
[0.756s] 
[0.756s]   Could not find a package configuration file provided by "catkin" with any
[0.756s]   of the following names:
[0.756s] 
[0.756s]     catkinConfig.cmake
[0.756s]     catkin-config.cmake
[0.756s] 
[0.756s]   Add the installation prefix of "catkin" to CMAKE_PREFIX_PATH or set
[0.756s]   "catkin_DIR" to a directory containing one of the above files.  If "catkin"
[0.756s]   provides a separate development package or SDK, be sure it has been
[0.756s]   installed.
[0.756s] 
[0.756s] 
[0.757s] -- Configuring incomplete, errors occurred!
[0.757s] See also "/home/joe/cam_test/build/vision/CMakeFiles/CMakeOutput.log".
